[    0.000000] Initializing cgroup subsys cpuset
[    0.000000] Initializing cgroup subsys cpu
[    0.000000] Initializing cgroup subsys cpuacct
[    0.000000] Linux version 4.4.0-97-generic (buildd@lcy01-33) (gcc version 5.4.0 20160609 (Ubuntu 5.4.0-6ubuntu1~16.04.4) ) #120-Ubuntu SMP Tue Sep 19 17:28:18 UTC 2017 (Ubuntu 4.4.0-97.120-generic 4.4.87)
[    0.000000] Command line: BOOT_IMAGE=/boot/vmlinuz-4.4.0-97-generic root=LABEL=cloudimg-rootfs ro console=tty1 console=ttyS0
[    0.000000] KERNEL supported cpus:
[    0.000000]   Intel GenuineIntel
[    0.000000]   AMD AuthenticAMD
[    0.000000]   Centaur CentaurHauls
[    0.000000] x86/fpu: xstate_offset[2]:  576, xstate_sizes[2]:  256
[    0.000000] x86/fpu: Supporting XSAVE feature 0x01: 'x87 floating point registers'
[    0.000000] x86/fpu: Supporting XSAVE feature 0x02: 'SSE registers'
[    0.000000] x86/fpu: Supporting XSAVE feature 0x04: 'AVX registers'
[    0.000000] x86/fpu: Enabled xstate features 0x7, context size is 832 bytes, using 'standard' format.
[    0.000000] x86/fpu: Using 'lazy' FPU context switches.
[    0.000000] e820: BIOS-provided physical RAM map:
[    0.000000] BIOS-e820: [mem 0x0000000000000000-0x000000000009fbff] usable
[    0.000000] BIOS-e820: [mem 0x000000000009fc00-0x000000000009ffff] reserved
[    0.000000] BIOS-e820: [mem 0x00000000000f0000-0x00000000000fffff] reserved
[    0.000000] BIOS-e820: [mem 0x0000000000100000-0x000000003ffeffff] usable
[    0.000000] BIOS-e820: [mem 0x000000003fff0000-0x000000003fffffff] ACPI data
[    0.000000] BIOS-e820: [mem 0x00000000fec00000-0x00000000fec00fff] reserved
[    0.000000] BIOS-e820: [mem 0x00000000fee00000-0x00000000fee00fff] reserved
[    0.000000] BIOS-e820: [mem 0x00000000fffc0000-0x00000000ffffffff] reserved
[    0.000000] NX (Execute Disable) protection: active
[    0.000000] SMBIOS 2.5 present.
[    0.000000] Hypervisor detected: KVM
[    0.000000] e820: last_pfn = 0x3fff0 max_arch_pfn = 0x400000000
[    0.000000] MTRR: Disabled
[    0.000000] x86/PAT: MTRRs disabled, skipping PAT initialization too.
[    0.000000] CPU MTRRs all blank - virtualized system.
[    0.000000] x86/PAT: Configuration [0-7]: WB  WT  UC- UC  WB  WT  UC- UC  
[    0.000000] found SMP MP-table at [mem 0x0009fff0-0x0009ffff] mapped at [ffff88000009fff0]
[    0.000000] Scanning 1 areas for low memory corruption
[    0.000000] RAMDISK: [mem 0x36adc000-0x37565fff]
[    0.000000] ACPI: Early table checksum verification disabled
[    0.000000] ACPI: RSDP 0x00000000000E0000 000024 (v02 VBOX  )
[    0.000000] ACPI: XSDT 0x000000003FFF0030 00003C (v01 VBOX   VBOXXSDT 00000001 ASL  00000061)
[    0.000000] ACPI: FACP 0x000000003FFF00F0 0000F4 (v04 VBOX   VBOXFACP 00000001 ASL  00000061)
[    0.000000] ACPI: DSDT 0x000000003FFF0470 0021FF (v02 VBOX   VBOXBIOS 00000002 INTL 20100528)
[    0.000000] ACPI: FACS 0x000000003FFF0200 000040
[    0.000000] ACPI: FACS 0x000000003FFF0200 000040
[    0.000000] ACPI: APIC 0x000000003FFF0240 00005C (v02 VBOX   VBOXAPIC 00000001 ASL  00000061)
[    0.000000] ACPI: SSDT 0x000000003FFF02A0 0001CC (v01 VBOX   VBOXCPUT 00000002 INTL 20100528)
[    0.000000] No NUMA configuration found
[    0.000000] Faking a node at [mem 0x0000000000000000-0x000000003ffeffff]
[    0.000000] NODE_DATA(0) allocated [mem 0x3ffeb000-0x3ffeffff]
[    0.000000] kvm-clock: Using msrs 4b564d01 and 4b564d00
[    0.000000] kvm-clock: cpu 0, msr 0:3ffe3001, primary cpu clock
[    0.000000] kvm-clock: using sched offset of 3449892266 cycles
[    0.000000] clocksource: kvm-clock: mask: 0xffffffffffffffff max_cycles: 0x1cd42e4dffb, max_idle_ns: 881590591483 ns
[    0.000000] Zone ranges:
[    0.000000]   DMA      [mem 0x0000000000001000-0x0000000000ffffff]
[    0.000000]   DMA32    [mem 0x0000000001000000-0x000000003ffeffff]
[    0.000000]   Normal   empty
[    0.000000]   Device   empty
[    0.000000] Movable zone start for each node
[    0.000000] Early memory node ranges
[    0.000000]   node   0: [mem 0x0000000000001000-0x000000000009efff]
[    0.000000]   node   0: [mem 0x0000000000100000-0x000000003ffeffff]
[    0.000000] Initmem setup node 0 [mem 0x0000000000001000-0x000000003ffeffff]
[    0.000000] ACPI: PM-Timer IO Port: 0x4008
[    0.000000] IOAPIC[0]: apic_id 2, version 32, address 0xfec00000, GSI 0-23
[    0.000000] ACPI: INT_SRC_OVR (bus 0 bus_irq 0 global_irq 2 dfl dfl)
[    0.000000] ACPI: INT_SRC_OVR (bus 0 bus_irq 9 global_irq 9 high level)
[    0.000000] Using ACPI (MADT) for SMP configuration information
[    0.000000] smpboot: Allowing 2 CPUs, 0 hotplug CPUs
[    0.000000] PM: Registered nosave memory: [mem 0x00000000-0x00000fff]
[    0.000000] PM: Registered nosave memory: [mem 0x0009f000-0x0009ffff]
[    0.000000] PM: Registered nosave memory: [mem 0x000a0000-0x000effff]
[    0.000000] PM: Registered nosave memory: [mem 0x000f0000-0x000fffff]
[    0.000000] e820: [mem 0x40000000-0xfebfffff] available for PCI devices
[    0.000000] Booting paravirtualized kernel on KVM
[    0.000000] clocksource: refined-jiffies: mask: 0xffffffff max_cycles: 0xffffffff, max_idle_ns: 7645519600211568 ns
[    0.000000] setup_percpu: NR_CPUS:512 nr_cpumask_bits:512 nr_cpu_ids:2 nr_node_ids:1
[    0.000000] PERCPU: Embedded 34 pages/cpu @ffff88003fc00000 s98328 r8192 d32744 u1048576
[    0.000000] PV qspinlock hash table entries: 256 (order: 0, 4096 bytes)
[    0.000000] Built 1 zonelists in Node order, mobility grouping on.  Total pages: 257913
[    0.000000] Policy zone: DMA32
[    0.000000] Kernel command line: BOOT_IMAGE=/boot/vmlinuz-4.4.0-97-generic root=LABEL=cloudimg-rootfs ro console=tty1 console=ttyS0
[    0.000000] PID hash table entries: 4096 (order: 3, 32768 bytes)
[    0.000000] Memory: 1001772K/1048120K available (8480K kernel code, 1294K rwdata, 3984K rodata, 1492K init, 1316K bss, 46348K reserved, 0K cma-reserved)
[    0.000000] SLUB: HWalign=64, Order=0-3, MinObjects=0, CPUs=2, Nodes=1
[    0.000000] Hierarchical RCU implementation.
[    0.000000] 	Build-time adjustment of leaf fanout to 64.
[    0.000000] 	RCU restricting CPUs from NR_CPUS=512 to nr_cpu_ids=2.
[    0.000000] RCU: Adjusting geometry for rcu_fanout_leaf=64, nr_cpu_ids=2
[    0.000000] NR_IRQS:33024 nr_irqs:440 16
[    0.000000] Console: colour VGA+ 80x25
[    0.000000] console [tty1] enabled
[    0.000000] console [ttyS0] enabled
[    0.000000] tsc: Detected 2303.998 MHz processor
[    0.732754] Calibrating delay loop (skipped) preset value.. 4607.99 BogoMIPS (lpj=9215992)
[    0.734296] pid_max: default: 32768 minimum: 301
[    0.735133] ACPI: Core revision 20150930
[    0.763417] ACPI: 2 ACPI AML tables successfully acquired and loaded
[    0.778203] Security Framework initialized
[    0.778966] Yama: becoming mindful.
[    0.779655] AppArmor: AppArmor initialized
[    0.784747] Dentry cache hash table entries: 131072 (order: 8, 1048576 bytes)
[    0.786042] Inode-cache hash table entries: 65536 (order: 7, 524288 bytes)
[    0.788380] Mount-cache hash table entries: 2048 (order: 2, 16384 bytes)
[    0.881830] Mountpoint-cache hash table entries: 2048 (order: 2, 16384 bytes)
[    0.956471] Initializing cgroup subsys io
[    1.004626] Initializing cgroup subsys memory
[    1.068259] Initializing cgroup subsys devices
[    1.136239] Initializing cgroup subsys freezer
[    1.190683] Initializing cgroup subsys net_cls
[    1.248054] Initializing cgroup subsys perf_event
[    1.313479] Initializing cgroup subsys net_prio
[    1.314321] Initializing cgroup subsys hugetlb
[    1.315136] Initializing cgroup subsys pids
[    1.316010] CPU: Physical Processor ID: 0
[    1.371093] CPU: Processor Core ID: 0
[    1.418240] mce: CPU supports 0 MCE banks
[    1.465338] Last level iTLB entries: 4KB 64, 2MB 8, 4MB 8
[    1.532192] Last level dTLB entries: 4KB 64, 2MB 0, 4MB 0, 1GB 4
[    1.612005] Freeing SMP alternatives memory: 32K
[    1.676310] ftrace: allocating 32148 entries in 126 pages
[    1.772218] smpboot: APIC(0) Converting physical 0 to logical package 0
[    1.860494] smpboot: Max logical packages: 1
[    1.914257] x2apic enabled
[    1.917462] Switched APIC routing to physical x2apic.
[    1.971703] ..TIMER: vector=0x30 apic1=0 pin1=2 apic2=-1 pin2=-1
[    2.120312] smpboot: CPU0: Intel(R) Core(TM) i5-7360U CPU @ 2.30GHz (family: 0x6, model: 0x8e, stepping: 0x9)
[    2.251385] Performance Events: unsupported p6 CPU model 142 no PMU driver, software events only.
[    2.367158] KVM setup paravirtual spinlock
[    2.381303] x86: Booting SMP configuration:
[    2.407774] .... node  #0, CPUs:      #1
[    2.451110] kvm-clock: cpu 1, msr 0:3ffe3041, secondary cpu clock
[    2.453590] mce: CPU supports 0 MCE banks
[    2.459367] x86: Booted up 1 node, 2 CPUs
[    2.489233] smpboot: Total of 2 processors activated (9215.99 BogoMIPS)
[    2.544554] devtmpfs: initialized
[    2.577886] evm: security.selinux
[    2.604995] evm: security.SMACK64
[    2.632761] evm: security.SMACK64EXEC
[    2.667148] evm: security.SMACK64TRANSMUTE
[    2.702301] evm: security.SMACK64MMAP
[    2.737035] evm: security.ima
[    2.761882] evm: security.capability
[    2.797354] clocksource: jiffies: mask: 0xffffffff max_cycles: 0xffffffff, max_idle_ns: 7645041785100000 ns
[    2.881215] futex hash table entries: 512 (order: 3, 32768 bytes)
[    2.934605] pinctrl core: initialized pinctrl subsystem
[    2.985419] RTC time: 12:24:24, date: 10/27/17
[    3.029043] NET: Registered protocol family 16
[    3.080056] cpuidle: using governor ladder
[    3.095569] cpuidle: using governor menu
[    3.114765] PCCT header not found.
[    3.143617] ACPI: bus type PCI registered
[    3.178396] acpiphp: ACPI Hot Plug PCI Controller Driver version: 0.5
[    3.238272] PCI: Using configuration type 1 for base access
[    3.297202] ACPI: Added _OSI(Module Device)
[    3.338191] ACPI: Added _OSI(Processor Device)
[    3.379952] ACPI: Added _OSI(3.0 _SCP Extensions)
[    3.441611] ACPI: Added _OSI(Processor Aggregator Device)
[    3.485995] ACPI: Executed 1 blocks of module-level executable AML code
[    3.555688] ACPI: Interpreter enabled
[    3.593782] ACPI: (supports S0 S5)
[    3.628836] ACPI: Using IOAPIC for interrupt routing
[    3.677132] PCI: Using host bridge windows from ACPI; if necessary, use "pci=nocrs" and report a bug
[    3.756278] ACPI: PCI Root Bridge [PCI0] (domain 0000 [bus 00-ff])
[    3.821522] acpi PNP0A03:00: _OSC: OS supports [ASPM ClockPM Segments MSI]
[    3.881744] acpi PNP0A03:00: _OSC: not requesting OS control; OS requires [ExtendedConfig ASPM ClockPM MSI]
[    3.969466] acpi PNP0A03:00: fail to add MMCONFIG information, can't access extended PCI configuration space under this bridge.
[    4.077737] PCI host bridge to bus 0000:00
[    4.113845] pci_bus 0000:00: root bus resource [io  0x0000-0x0cf7 window]
[    4.178507] pci_bus 0000:00: root bus resource [io  0x0d00-0xffff window]
[    4.221594] pci_bus 0000:00: root bus resource [mem 0x000a0000-0x000bffff window]
[    4.285456] pci_bus 0000:00: root bus resource [mem 0x40000000-0xffdfffff window]
[    4.350859] pci_bus 0000:00: root bus resource [bus 00-ff]
[    4.398403] pci 0000:00:01.1: legacy IDE quirk: reg 0x10: [io  0x01f0-0x01f7]
[    4.455013] pci 0000:00:01.1: legacy IDE quirk: reg 0x14: [io  0x03f6]
[    4.514121] pci 0000:00:01.1: legacy IDE quirk: reg 0x18: [io  0x0170-0x0177]
[    4.574175] pci 0000:00:01.1: legacy IDE quirk: reg 0x1c: [io  0x0376]
[    4.642525] pci 0000:00:07.0: quirk: [io  0x4000-0x403f] claimed by PIIX4 ACPI
[    4.714328] pci 0000:00:07.0: quirk: [io  0x4100-0x410f] claimed by PIIX4 SMB
[    4.778604] ACPI: PCI Interrupt Link [LNKA] (IRQs 5 9 10 *11)
[    4.844910] ACPI: PCI Interrupt Link [LNKB] (IRQs 5 9 10 *11)
[    4.900522] ACPI: PCI Interrupt Link [LNKC] (IRQs 5 9 *10 11)
[    4.936827] ACPI: PCI Interrupt Link [LNKD] (IRQs 5 *9 10 11)
[    4.994311] ACPI: Enabled 2 GPEs in block 00 to 07
[    5.033429] vgaarb: setting as boot device: PCI:0000:00:02.0
[    5.079287] vgaarb: device added: PCI:0000:00:02.0,decodes=io+mem,owns=io+mem,locks=none
[    5.160091] vgaarb: loaded
[    5.182052] vgaarb: bridge control possible 0000:00:02.0
[    5.228107] SCSI subsystem initialized
[    5.268109] ACPI: bus type USB registered
[    5.288522] usbcore: registered new interface driver usbfs
[    5.331399] usbcore: registered new interface driver hub
[    5.364539] usbcore: registered new device driver usb
[    5.410995] PCI: Using ACPI for IRQ routing
[    5.454192] NetLabel: Initializing
[    5.484553] NetLabel:  domain hash size = 128
[    5.522970] NetLabel:  protocols = UNLABELED CIPSOv4
[    5.573111] NetLabel:  unlabeled traffic allowed by default
[    5.630133] amd_nb: Cannot enumerate AMD northbridges
[    5.674285] clocksource: Switched to clocksource kvm-clock
[    5.750165] AppArmor: AppArmor Filesystem Enabled
[    5.841027] pnp: PnP ACPI init
[    5.904315] pnp: PnP ACPI: found 3 devices
[    5.913671] clocksource: acpi_pm: mask: 0xffffff max_cycles: 0xffffff, max_idle_ns: 2085701024 ns
[    6.071441] NET: Registered protocol family 2
[    6.124019] TCP established hash table entries: 8192 (order: 4, 65536 bytes)
[    6.251501] TCP bind hash table entries: 8192 (order: 5, 131072 bytes)
[    6.348432] TCP: Hash tables configured (established 8192 bind 8192)
[    6.427739] UDP hash table entries: 512 (order: 2, 16384 bytes)
[    6.527559] UDP-Lite hash table entries: 512 (order: 2, 16384 bytes)
[    6.651375] NET: Registered protocol family 1
[    6.746396] pci 0000:00:00.0: Limiting direct PCI/PCI transfers
[    6.845230] pci 0000:00:01.0: Activating ISA DMA hang workarounds
[    6.928136] Unpacking initramfs...
[    8.402196] Freeing initrd memory: 10792K
[    8.442704] platform rtc_cmos: registered platform RTC device (no PNP device found)
[    8.551900] Scanning for low memory corruption every 60 seconds
[    8.680890] audit: initializing netlink subsys (disabled)
[    8.747946] audit: type=2000 audit(1509107069.786:1): initialized
[    8.749193] Initialise system trusted keyring
[    8.750160] HugeTLB registered 2 MB page size, pre-allocated 0 pages
[    8.807907] zbud: loaded
[    8.845633] VFS: Disk quotas dquot_6.6.0
[    8.891060] VFS: Dquot-cache hash table entries: 512 (order 0, 4096 bytes)
[    8.960231] squashfs: version 4.0 (2009/01/31) Phillip Lougher
[    9.028214] fuse init (API version 7.23)
[    9.102704] Key type big_key registered
[    9.178654] Allocating IMA MOK and blacklist keyrings.
[    9.258938] Key type asymmetric registered
[    9.306594] Asymmetric key parser 'x509' registered
[    9.361255] Block layer SCSI generic (bsg) driver version 0.4 loaded (major 249)
[    9.431306] io scheduler noop registered
[    9.469154] tsc: Refined TSC clocksource calibration: 2304.060 MHz
[    9.474444] io scheduler deadline registered (default)
[    9.474487] io scheduler cfq registered
[    9.474572] pci_hotplug: PCI Hot Plug PCI Core version: 0.5
[    9.474575] pciehp: PCI Express Hot Plug Controller Driver version: 0.4
[    9.474738] ACPI: AC Adapter [AC] (on-line)
[    9.474778] input: Power Button as /devices/LNXSYSTM:00/LNXPWRBN:00/input/input0
[    9.474781] ACPI: Power Button [PWRF]
[    9.474838] input: Sleep Button as /devices/LNXSYSTM:00/LNXSLPBN:00/input/input1
[    9.474839] ACPI: Sleep Button [SLPF]
[    9.474953] GHES: HEST is not enabled!
[    9.539964] Serial: 8250/16550 driver, 32 ports, IRQ sharing enabled
[    9.646212] 00:02: ttyS0 at I/O 0x3f8 (irq = 4, base_baud = 115200) is a 16550A
[    9.716267] Linux agpgart interface v0.103
[    9.804987] loop: module loaded
[    9.805386] scsi host0: ata_piix
[    9.805426] scsi host1: ata_piix
[    9.805447] ata1: PATA max UDMA/33 cmd 0x1f0 ctl 0x3f6 bmdma 0xd000 irq 14
[    9.805448] ata2: PATA max UDMA/33 cmd 0x170 ctl 0x376 bmdma 0xd008 irq 15
[    9.805506] libphy: Fixed MDIO Bus: probed
[    9.805508] tun: Universal TUN/TAP device driver, 1.6
[    9.805508] tun: (C) 1999-2004 Max Krasnyansky <maxk@qualcomm.com>
[    9.805811] PPP generic driver version 2.4.2
[    9.805856] ehci_hcd: USB 2.0 'Enhanced' Host Controller (EHCI) Driver
[    9.805859] ehci-pci: EHCI PCI platform driver
[    9.805872] ehci-platform: EHCI generic platform driver
[    9.805878] ohci_hcd: USB 1.1 'Open' Host Controller (OHCI) Driver
[    9.805881] ohci-pci: OHCI PCI platform driver
[    9.805887] ohci-platform: OHCI generic platform driver
[    9.805892] uhci_hcd: USB Universal Host Controller Interface driver
[    9.805934] i8042: PNP: PS/2 Controller [PNP0303:PS2K,PNP0f03:PS2M] at 0x60,0x64 irq 1,12
[    9.860534] serio: i8042 KBD port at 0x60,0x64 irq 1
[    9.860540] serio: i8042 AUX port at 0x60,0x64 irq 12
[    9.860644] mousedev: PS/2 mouse device common for all mice
[    9.860879] rtc_cmos rtc_cmos: rtc core: registered rtc_cmos as rtc0
[    9.860921] rtc_cmos rtc_cmos: alarms up to one day, 114 bytes nvram
[    9.860925] i2c /dev entries driver
[    9.860967] device-mapper: uevent: version 1.0.3
[    9.861005] device-mapper: ioctl: 4.34.0-ioctl (2015-10-28) initialised: dm-devel@redhat.com
[    9.861017] ledtrig-cpu: registered to indicate activity on CPUs
[    9.861213] NET: Registered protocol family 10
[    9.861332] NET: Registered protocol family 17
[    9.861341] Key type dns_resolver registered
[    9.887256] microcode: CPU0 sig=0x806e9, pf=0x8, revision=0x0
[    9.887269] microcode: CPU1 sig=0x806e9, pf=0x8, revision=0x0
[    9.887312] microcode: Microcode Update Driver: v2.01 <tigran@aivazian.fsnet.co.uk>, Peter Oruba
[    9.887404] registered taskstats version 1
[    9.887416] Loading compiled-in X.509 certificates
[    9.887870] Loaded X.509 cert 'Build time autogenerated kernel key: d1010f9627fd9242df4b03365d2931dfd1ad3d42'
[    9.887881] zswap: loaded using pool lzo/zbud
[    9.888885] Key type trusted registered
[    9.890445] Key type encrypted registered
[    9.890449] AppArmor: AppArmor sha1 policy hashing enabled
[    9.890451] ima: No TPM chip found, activating TPM-bypass!
[    9.890467] evm: HMAC attrs: 0x1
[    9.890681]   Magic number: 5:700:431
[   10.008037] rtc_cmos rtc_cmos: setting system clock to 2017-10-27 12:24:31 UTC (1509107071)
[   10.008277] BIOS EDD facility v0.16 2004-Jun-25, 0 devices found
[   10.008277] EDD information not available.
[   10.276306] input: AT Translated Set 2 keyboard as /devices/platform/i8042/serio0/input/input2
[   12.253855] clocksource: tsc: mask: 0xffffffffffffffff max_cycles: 0x2136309b201, max_idle_ns: 440795285463 ns
[   12.612102] Freeing unused kernel memory: 1492K
[   12.733954] Write protecting the kernel read-only data: 14336k
[   12.817737] Freeing unused kernel memory: 1748K
[   12.833701] Freeing unused kernel memory: 112K
Loading, please wait...
starting version[   12.868970] random: udevadm: uninitialized urandom read (16 bytes read, 5 bits of entropy available)
 229
[   12.869645] random: systemd-udevd: uninitialized urandom read (16 bytes read, 5 bits of entropy available)
[   12.869822] random: systemd-udevd: uninitialized urandom read (16 bytes read, 5 bits of entropy available)
[   12.869831] random: systemd-udevd: uninitialized urandom read (16 bytes read, 5 bits of entropy available)
[   12.869840] random: systemd-udevd: uninitialized urandom read (16 bytes read, 5 bits of entropy available)
[   12.996302] random: udevadm: uninitialized urandom read (16 bytes read, 5 bits of entropy available)
[   13.002579] random: udevadm: uninitialized urandom read (16 bytes read, 5 bits of entropy available)
[   13.004225] random: udevadm: uninitialized urandom read (16 bytes read, 5 bits of entropy available)
[   13.005861] random: udevadm: uninitialized urandom read (16 bytes read, 5 bits of entropy available)
[   13.030787] random: udevadm: uninitialized urandom read (16 bytes read, 5 bits of entropy available)
[   13.049286] e1000: Intel(R) PRO/1000 Network Driver - version 7.3.21-k8-NAPI
[   13.060866] e1000: Copyright (c) 1999-2006 Intel Corporation.
[   13.061784] Fusion MPT base driver 3.04.20
[   13.062588] Copyright (c) 1999-2008 LSI Corporation
[   13.068552] Fusion MPT SPI Host driver 3.04.20
[   13.074357] mptbase: ioc0: Initiating bringup
[   13.079520] AVX version of gcm_enc/dec engaged.
[   13.082816] AES CTR mode by8 optimization enabled
[   13.150767] ioc0: LSI53C1030 A0: Capabilities={Initiator}
[   13.249997] input: ImExPS/2 Generic Explorer Mouse as /devices/platform/i8042/serio1/input/input4
[   13.371207] scsi host2: ioc0: LSI53C1030 A0, FwRev=00000000h, Ports=1, MaxQ=256, IRQ=20
[   13.515510] scsi 2:0:0:0: Direct-Access     VBOX     HARDDISK         1.0  PQ: 0 ANSI: 5
[   13.552075] scsi target2:0:0: Beginning Domain Validation
[   13.554538] scsi target2:0:0: Domain Validation skipping write tests
[   13.557642] scsi target2:0:0: Ending Domain Validation
[   13.558658] scsi target2:0:0: asynchronous
[   13.566594] scsi 2:0:1:0: Direct-Access     VBOX     HARDDISK         1.0  PQ: 0 ANSI: 5
[   13.573451] scsi target2:0:1: Beginning Domain Validation
[   13.576169] scsi target2:0:1: Domain Validation skipping write tests
[   13.578384] scsi target2:0:1: Ending Domain Validation
[   13.579423] scsi target2:0:1: asynchronous
[   13.595033] sd 2:0:0:0: Attached scsi generic sg0 type 0
[   13.598107] sd 2:0:0:0: [sda] 20971520 512-byte logical blocks: (10.7 GB/10.0 GiB)
[   13.600854] sd 2:0:1:0: [sdb] 20480 512-byte logical blocks: (10.5 MB/10.0 MiB)
[   13.611159] sd 2:0:0:0: [sda] Write Protect is off
[   13.613022] sd 2:0:1:0: Attached scsi generic sg1 type 0
[   13.613991] sd 2:0:0:0: [sda] Incomplete mode parameter data
[   13.614882] sd 2:0:0:0: [sda] Assuming drive cache: write through
[   13.616051] sd 2:0:1:0: [sdb] Write Protect is off
[   13.617076] sd 2:0:1:0: [sdb] Incomplete mode parameter data
[   13.617947] sd 2:0:1:0: [sdb] Assuming drive cache: write through
[   13.660965]  sda: sda1
[   13.663241] sd 2:0:0:0: [sda] Attached SCSI disk
[   13.665711] sd 2:0:1:0: [sdb] Attached SCSI disk
[   13.858177] e1000 0000:00:03.0 eth0: (PCI:33MHz:32-bit) 02:14:68:3e:84:47
[   13.910433] e1000 0000:00:03.0 eth0: Intel(R) PRO/1000 Network Connection
[   14.297810] e1000 0000:00:08.0 eth1: (PCI:33MHz:32-bit) 08:00:27:41:9b:8d
[   14.372003] e1000 0000:00:08.0 eth1: Intel(R) PRO/1000 Network Connection
[   14.443281] e1000 0000:00:03.0 enp0s3: renamed from eth0
[   14.603026] e1000 0000:00:08.0 enp0s8: renamed from eth1
[   16.095601] floppy0: no floppy controllers found
Begin: Loading e[   17.387422] md: linear personality registered for level -1
ssential drivers ... [   17.617081] md: multipath personality registered for level -4
[   17.699706] md: raid0 personality registered for level 0
[   17.854060] md: raid1 personality registered for level 1
[   18.162625] raid6: sse2x1   gen() 10360 MB/s
[   18.317046] raid6: sse2x1   xor()  5391 MB/s
[   18.534542] raid6: sse2x2   gen() 12597 MB/s
[   18.726877] raid6: sse2x2   xor()  8651 MB/s
[   18.971071] raid6: sse2x4   gen() 14544 MB/s
[   19.186484] raid6: sse2x4   xor()  9906 MB/s
[   19.322538] raid6: using algorithm sse2x4 gen() 14544 MB/s
[   19.340984] raid6: .... xor() 9906 MB/s, rmw enabled
[   19.351146] raid6: using ssse3x2 recovery algorithm
[   19.392280] xor: automatically using best checksumming function:
[   19.490797]    avx       : 24911.000 MB/sec
[   19.554350] async_tx: api initialized (async)
[   19.718433] md: raid6 personality registered for level 6
[   19.934245] md: raid5 personality registered for level 5
[   20.050907] md: raid4 personality registered for level 4
[   20.095220] md: raid10 personality registered for level 10
done.
Begin: Running[   20.181134] Btrfs loaded
 /scripts/init-premount ... done.
Begin: Mounting root file system ... Begin: Running /scripts/local-top ... done.
Begin: Running /scripts/local-premount ... Scanning for Btrfs filesystems
done.
Warning: fsck not present, so skipping root file system
[   20.416948] EXT4-fs (sda1): mounted filesystem with ordered data mode. Opts: (null)
done.
Begin: Running /scripts/local-bottom ... done.
Begin: Running /scripts/init-bottom ... done.
[   21.117224] systemd[1]: systemd 229 running in system mode. (+PAM +AUDIT +SELINUX +IMA +APPARMOR +SMACK +SYSVINIT +UTMP +LIBCRYPTSETUP +GCRYPT +GNUTLS +ACL +XZ -LZ4 +SECCOMP +BLKID +ELFUTILS +KMOD -IDN)
[   21.494229] systemd[1]: Detected virtualization oracle.
[   21.517992] systemd[1]: Detected architecture x86-64.

Welcome to [1mUbuntu 16.04.3 LTS[0m!

[   21.638583] random: nonblocking pool is initialized
[   21.771432] systemd[1]: Set hostname to <ubuntu-xenial>.
[   23.048977] systemd[1]: Created slice User and Session Slice.
[[0;32m  OK  [0m] Created slice User and Session Slice.
[   23.275182] systemd[1]: Listening on LVM2 poll daemon socket.
[[0;32m  OK  [0m] Listening on LVM2 poll daemon socket.
[   23.526781] systemd[1]: Reached target Encrypted Volumes.
[[0;32m  OK  [0m] Reached target Encrypted Volumes.
[   23.648749] systemd[1]: Listening on Journal Audit Socket.
[[0;32m  OK  [0m] Listening on Journal Audit Socket.
[   23.666536] systemd[1]: Reached target Swap.
[[0;32m  OK  [0m] Reached target Swap.
[   23.686563] systemd[1]: Started Forward Password Requests to Wall Directory Watch.
[[0;32m  OK  [0m] Started Forward Password Requests to Wall Directory Watch.
[   23.814705] systemd[1]: Listening on Journal Socket.
[[0;32m  OK  [0m] Listening on Journal Socket.
[   23.966996] systemd[1]: Listening on udev Kernel Socket.
[[0;32m  OK  [0m] Listening on udev Kernel Socket.
[   24.163091] systemd[1]: Started Trigger resolvconf update for networkd DNS.
[[0;32m  OK  [0m] Started Trigger resolvconf update for networkd DNS.
[   24.514692] systemd[1]: Created slice System Slice.
[[0;32m  OK  [0m] Created slice System Slice.
[   24.726455] systemd[1]: Mounting Huge Pages File System...
         Mounting Huge Pages File System...
[   24.763409] systemd[1]: Starting Uncomplicated firewall...
         Starting Uncomplicated firewall...
[   24.870539] systemd[1]: Mounting POSIX Message Queue File System...
         Mounting POSIX Message Queue File System...
[   24.931246] systemd[1]: Created slice system-serial\x2dgetty.slice.
[[0;32m  OK  [0m] Created slice system-serial\x2dgetty.slice.
[   25.206045] systemd[1]: Listening on udev Control Socket.
[[0;32m  OK  [0m] Listening on udev Control Socket.
[   25.446838] systemd[1]: Listening on Device-mapper event daemon FIFOs.
[[0;32m  OK  [0m] Listening on Device-mapper event daemon FIFOs.
[   25.710697] systemd[1]: Reached target Slices.
[[0;32m  OK  [0m] Reached target Slices.
[   25.818449] systemd[1]: Starting Nameserver information manager...
         Starting Nameserver information manager...
[   25.906632] systemd[1]: Reached target User and Group Name Lookups.
[[0;32m  OK  [0m] Reached target User and Group Name Lookups.
[   26.270658] systemd[1]: Starting Load Kernel Modules...
[   26.361844] Loading iSCSI transport class v2.0-870.
         Starting Load Kernel Modules...
[   26.392697] iscsi: registered transport (tcp)
[   26.487142] systemd[1]: Listening on Syslog Socket.
[[0;32m  OK  [0m] Listening on[   26.559851] iscsi: registered transport (iser)
 Syslog Socket.
[   26.643026] systemd[1]: Mounting Debug File System...
         Mounting Debug File System...
[   26.827290] systemd[1]: Starting Remount Root and Kernel File Systems...
[   26.866550] EXT4-fs (sda1): re-mounted. Opts: (null)
         Starting Remount Root and Kernel File Systems...
[   26.882685] systemd[1]: Listening on Journal Socket (/dev/log).
[[0;32m  OK  [0m] Listening on Journal Socket (/dev/log).
[   26.930898] systemd[1]: Starting Journal Service...
         Starting Journal Service...
[   27.027267] systemd[1]: Listening on /dev/initctl Compatibility Named Pipe.
[[0;32m  OK  [0m] Listening on /dev/initctl Compatibility Named Pipe.
[   27.154535] systemd[1]: Starting Set console keymap...
         Starting Set console keymap...
[   27.179404] systemd[1]: Starting Create list of required static device nodes for the current kernel...
         Starting Create list of required st... nodes for the current kernel...
[   27.254754] systemd[1]: Set up automount Arbitrary Executable File Formats File System Automount Point.
[[0;32m  OK  [0m] Set up automount Arbitrary Executab...ats File System Automount Point.
[   27.410583] systemd[1]: Listening on LVM2 metadata daemon socket.
[[0;32m  OK  [0m] Listening on LVM2 metadata daemon socket.
[   27.482688] systemd[1]: Starting Monitoring of LVM2 mirrors, snapshots etc. using dmeventd or progress polling...
         Starting Monitoring of LVM2 mirrors... dmeventd or progress polling...
[   27.835908] systemd[1]: Mounted Debug File System.
[[0;32m  OK  [0m] Mounted Debug File System.
[   27.974628] systemd[1]: Mounted Huge Pages File System.
[[0;32m  OK  [0m] Mounted Huge Pages File System.
[   28.002759] systemd[1]: Mounted POSIX Message Queue File System.
[[0;32m  OK  [0m] Mounted POSIX Message Queue File System.
[   28.094977] systemd[1]: Started Journal Service.
[[0;32m  OK  [0m] Started Journal Service.
[[0;32m  OK  [0m] Started Uncomplicated firewall.
[[0;32m  OK  [0m] Started Load Kernel Modules.
[[0;32m  OK  [0m] Started Remount Root and Kernel File Systems.
[[0;32m  OK  [0m] Started Set console keymap.
[[0;32m  OK  [0m] Started Create list of required sta...ce nodes for the current kernel.
[[0;32m  OK  [0m] Started Nameserver information manager.
[[0;32m  OK  [0m] Started LVM2 metadata daemon.
         Starting Create Static Device Nodes in /dev...
         Starting Initial cloud-init job (pre-networking)...
         Starting udev Coldplug all Devices...
         Starting Load/Save Random Seed...
         Mounting FUSE Control File System...
         Starting Apply Kernel Variables...
         Starting Flush Journal to Persistent Storage...
[[0;32m  OK  [0m] Mounted FUSE Control File System.
[[0;32m  OK  [0m] Started Monitoring of LVM2 mirrors,...ng dmeventd or progress polling.
[[0;32m  OK  [0m] Started Load/Save Random Seed.
[[0;32m  OK  [0m] Started udev Coldplug all Devices.
[   29.345311] systemd-journald[410]: Received request to flush runtime journal from PID 1
[[0;32m  OK  [0m] Started Apply Kernel Variables.
[[0;32m  OK  [0m] Started Create Static Device Nodes in /dev.
[[0;32m  OK  [0m] Started Flush Journal to Persistent Storage.
         Starting udev Kernel Device Manager...
[[0;32m  OK  [0m] Started udev Kernel Device Manager.
[[0;32m  OK  [0m] Reached target Local File Systems (Pre).
[[0;32m  OK  [0m] Reached target Local File Systems.
         Starting Tell Plymouth To Write Out Runtime Data...
         Starting Set console font and keymap...
         Starting LSB: AppArmor initialization...
         Starting Create Volatile Files and Directories...
[[0;32m  OK  [0m] Started Dispatch Password Requests to Console Directory Watch.
[[0;32m  OK  [0m] Found device /dev/ttyS0.
[[0;32m  OK  [0m] Started Tell Plymouth To Write Out Runtime Data.
[[0;32m  OK  [0m] Started Create Volatile Files and Directories.
         Starting Update UTMP about System Boot/Shutdown...
[[0;32m  OK  [0m] Reached target System Time Synchronized.
[[0;32m  OK  [0m] Started Update UTMP about System Boot/Shutdown.
[[0;32m  OK  [0m] Found device 82540EM Gigabit Ethern...r (PRO/1000 MT Desktop Adapter).
[[0;32m  OK  [0m] Found device 82540EM Gigabit Ethern...r (PRO/1000 MT Desktop Adapter).
[[0;32m  OK  [0m] Started Set console font and keymap.
[[0;32m  OK  [0m] Created slice system-getty.slice.
[[0;32m  OK  [0m] Listening on Load/Save RF Kill Switch Status /dev/rfkill Watch.
[[0;32m  OK  [0m] Started LSB: AppArmor initialization.
[   31.033382] cloud-init[444]: Cloud-init v. 0.7.9 running 'init-local' at Fri, 27 Oct 2017 12:24:57 +0000. Up 30.46 seconds.
[[0;32m  OK  [0m] Started Initial cloud-init job (pre-networking).
[[0;32m  OK  [0m] Reached target Network (Pre).
[[0;32m  OK  [0m] Started ifup for enp0s3.
[[0;32m  OK  [0m] Started ifup for enp0s8.
         Starting Raise network interfaces...
[[0;32m  OK  [0m] Started Raise network interfaces.
         Starting Initial cloud-init job (metadata service crawler)...
[[0;32m  OK  [0m] Reached target Network.
[   32.654607] cloud-init[1060]: Cloud-init v. 0.7.9 running 'init' at Fri, 27 Oct 2017 12:24:58 +0000. Up 31.77 seconds.
[   32.780675] [cloud-init[0;32m  OK  [0m[1060]: ] ci-info: ++++++++++++++++++++++++++++++++++++++Net device info++++++++++++++++++++++++++++++++++++++Started Initial cloud-init job (metadata service crawler).

[   32.781147] cloud-init[1060]: ci-info: +--------+------+-----------------------------+---------------+-------+-------------------+
[   33.028790] [cloud-init[0;32m  OK  [0m[1060]: ] ci-info: | Device |  Up  |           Address           |      Mask     | Scope |     Hw-Address    |Reached target Network is Online.

[   33.029257] cloud-init[1060]: ci-info: +--------+------+-----------------------------+---------------+-------+-------------------+
[   33.329114]          cloud-initStarting iSCSI initiator daemon (iscsid)...[1060]: 
ci-info: | enp0s8 | True |        192.168.33.10        | 255.255.255.0 |   .   | 08:00:27:41:9b:8d |
[   33.504870] [cloud-init[0;32m  OK  [0m[1060]: ] ci-info: | enp0s8 | True | fe80::a00:27ff:fe41:9b8d/64 |       .       |  link | 08:00:27:41:9b:8d |Reached target System Initialization.

[   33.692884] [cloud-init[0;32m  OK  [0m[1060]: ] ci-info: |   lo   | True |          127.0.0.1          |   255.0.0.0   |   .   |         .         |Started ACPI Events Check.

[   33.776217] [cloud-init[0;32m  OK  [0m[1060]: ] ci-info: |   lo   | True |           ::1/128           |       .       |  host |         .         |Reached target Paths.

[   33.776557] cloud-init[1060]: ci-info: | enp0s3 | True |          10.0.2.15          | 255.255.255.0 |   .   | 02:14:68:3e:84:47 |
[   34.084664] [cloud-init[0;32m  OK  [0m[1060]: ] ci-info: | enp0s3 | True |  fe80::14:68ff:fe3e:8447/64 |       .       |  link | 02:14:68:3e:84:47 |Started Timer to automatically fetch and run repair assertions.

[   34.092159]          Starting Socket activation for snappy daemon.
[[0;32m  OK  [0m] Started Timer to automatically refresh installed snaps.
[[0;32m  OK  [0m] Started Daily apt download activities.
[[0;32m  OK  [0m] Listening on ACPID Listen Socket.
cloud-init[1060]: ci-info: +--------+------+-----------------------------+---------------+-------+-------------------+
         Starting LXD - unix socket.
[   34.384137] cloud-init[1060]: ci-info: ++++++++++++++++++++++++++++Route IPv4 info++++++++++++++++++++++++++++
[   34.465608] [cloud-init[0;32m  OK  [0m[1060]: ] ci-info: +-------+--------------+----------+---------------+-----------+-------+Started Daily apt upgrade and clean activities.

[[0;32m  OK  [0m] Listening on D-Bus System Message Bus Socket.
[[0;32m  OK  [0m] Listening on UUID daemon activation socket.
[[0;32m  OK  [0m] Started Daily Cleanup of Temporary Directories.
[[0;32m  OK  [0m] Reached target Timers.
[[0;32m  OK  [0m] Reached target Cloud-config availability.
[   34.466109] cloud-init[1060]: ci-info: | Route | Destination  | Gateway  |    Genmask    | Interface | Flags |
[   34.740726] [cloud-init[0;32m  OK  [0m[1060]: ] ci-info: +-------+--------------+----------+---------------+-----------+-------+Listening on Socket activation for snappy daemon.

[   34.741230] [cloud-init[0;32m  OK  [0m[1060]: ] ci-info: |   0   |   0.0.0.0    | 10.0.2.2 |    0.0.0.0    |   enp0s3  |   UG  |Listening on LXD - unix socket.

[   34.880396] [cloud-init[0;32m  OK  [0m[1060]: ] ci-info: |   1   |   10.0.2.0   | 0.0.0.0  | 255.255.255.0 |   enp0s3  |   U   |Started iSCSI initiator daemon (iscsid).

[   34.880907] cloud-init[1060]: ci-info: |   2   | 192.168.33.0 | 0.0.0.0  | 255.255.255.0 |   enp0s8  |   U   |
[   35.068572]          cloud-initStarting Login to default iSCSI targets...[1060]: 
ci-info: +-------+--------------+----------+---------------+-----------+-------+
[[0;32m  OK  [0m] Reached target Sockets.
[[0;32m  OK  [0m] Reached target Basic System.
[[0;32m  OK  [0m] Started Deferred execution scheduler.
         Starting The PHP 7.0 FastCGI Process Manager...
[[0;32m  OK  [0m] Started Unattended Upgrades Shutdown.
[[0;32m  OK  [0m] Started ACPI event daemon.
[[0;32m  OK  [0m] Started Regular background program processing daemon.
[[0;32m  OK  [0m] Started FUSE filesystem for LXC.
         Starting Accounts Service...
         Starting LSB: MD monitoring daemon...
         Starting OpenBSD Secure Shell server...
         Starting Snappy daemon...
[[0;32m  OK  [0m] Started D-Bus System Message Bus.
         Starting Automatically fetch and run repair assertions...
         Starting Apply the settings specified in cloud-config...
         Starting LSB: Record successful boot for GRUB...
         Starting Login Service...
         Starting System Logging Service...
         Starting /etc/rc.local Compatibility...
         Starting LXD - container startup/shutdown...
[[0;32m  OK  [0m] Started OpenBSD Secure Shell server.
[[0;32m  OK  [0m] Started /etc/rc.local Compatibility.
[[0;32m  OK  [0m] Started Login Service.
[[0;32m  OK  [0m] Started LSB: Record successful boot for GRUB.
[[0;32m  OK  [0m] Started Login to default iSCSI targets.
[[0;32m  OK  [0m] Started LSB: MD monitoring daemon.
         Starting Authenticate and Authorize Users to Run Privileged Tasks...
[[0;32m  OK  [0m] Reached target Remote File Systems (Pre).
[[0;32m  OK  [0m] Reached target Remote File Systems.
         Starting LSB: VirtualBox Linux Additions...
         Starting Permit User Sessions...
         Starting LSB: automatic crash report generation...
         Starting LSB: daemon to balance interrupts for SMP systems...
[   39.440668] cloud-init[1159]: Cloud-init v. 0.7.9 running 'modules:config' at Fri, 27 Oct 2017 12:25:04 +0000. Up 37.95 seconds.
         Starting LSB: Apache2 web server...
         Starting LSB: Set the CPU Frequency Scaling governor to "ondemand"...
[[0;32m  OK  [0m] Started Automatically fetch and run repair assertions.
[[0;32m  OK  [0m] Started Apply the settings specified in cloud-config.
[[0;32m  OK  [0m] Started Permit User Sessions.
[[0;32m  OK  [0m] Started LSB: Set the CPU Frequency Scaling governor to "ondemand".
[[0;32m  OK  [0m] Started System Logging Service.
[[0;32m  OK  [0m] Started LSB: automatic crash report generation.
[[0;32m  OK  [0m] Started Authenticate and Authorize Users to Run Privileged Tasks.
[[0;32m  OK  [0m] Started LSB: daemon to balance interrupts for SMP systems.
[[0;32m  OK  [0m] Started Accounts Service.
[[0;32m  OK  [0m] Created slice User Slice of ubuntu.
         Starting User Manager for UID 1000...
[[0;32m  OK  [0m] Started Session 1 of user ubuntu.
         Starting Terminate Plymouth Boot Screen...
         Starting Hold until boot process finishes up...
[[0;32m  OK  [0m] Started Terminate Plymouth Boot Screen.
[[0;32m  OK  [0m] Started Hold until boot process finishes up.
[[0;32m  OK  [0m] Started Serial Getty on ttyS0.
[[0;32m  OK  [0m] Started Getty on tty1.
[[0;32m  OK  [0m] Reached target Login Prompts.
         Starting Set console scheme...
[[0;32m  OK  [0m] Started Set console scheme.
[[0;32m  OK  [0m] Started User Manager for UID 1000.
[[0;32m  OK  [0m] Started LSB: VirtualBox Linux Additions.
[[0;32m  OK  [0m] Started The PHP 7.0 FastCGI Process Manager.
[[0;32m  OK  [0m] Started Snappy daemon.
         Starting Auto import assertions from block devices...
[[0;32m  OK  [0m] Started Auto import assertions from block devices.
[[0;32m  OK  [0m] Started LXD - container startup/shutdown.
[[0;32m  OK  [0m] Started LSB: Apache2 web server.
[[0;32m  OK  [0m] Reached target Multi-User System.
         Starting Execute cloud user/final scripts...
[[0;32m  OK  [0m] Reached target Graphical Interface.
         Starting Update UTMP about System Runlevel Changes...
[[0;32m  OK  [0m] Started Update UTMP about System Runlevel Changes.
[   45.109386] cloud-init[1609]: Cloud-init v. 0.7.9 running 'modules:final' at Fri, 27 Oct 2017 12:25:11 +0000. Up 44.92 seconds.
[   45.140346] cloud-init[1609]: Cloud-init v. 0.7.9 finished at Fri, 27 Oct 2017 12:25:11 +0000. Datasource DataSourceNoCloud [seed=/dev/sdb][dsmode=net].  Up 45.10 seconds
[[0;32m  OK  [0m] Started Execute cloud user/final scripts.
[[0;32m  OK  [0m] Reached target Cloud-init target.

Ubuntu 16.04.3 LTS ubuntu-xenial ttyS0

ubuntu-xenial login: 